============================= test session starts ==============================
platform linux -- Python 3.11.15, pytest-9.1.1, pluggy-1.6.0 -- /usr/local/bin/python3
cachedir: .pytest_cache
rootdir: /home/user/Engenharia-Software-III
plugins: cov-7.1.0
collecting ... collected 4 items

test_solicitar_conta.py::test_solicitar_conta_com_dados_validos_cria_conta PASSED [ 25%]
test_solicitar_conta.py::test_solicitar_conta_rejeita_tipo_de_conta_invalido FAILED [ 50%]
test_solicitar_conta.py::test_solicitar_conta_detecta_duplicidade_com_cpf_sem_pontuacao FAILED [ 75%]
test_solicitar_conta.py::test_solicitar_conta_permite_mesmo_cpf_em_banco_diferente PASSED [100%]

=================================== FAILURES ===================================
_____________ test_solicitar_conta_rejeita_tipo_de_conta_invalido ______________

banco = Banco(id=1, nome=Banco A)

    def test_solicitar_conta_rejeita_tipo_de_conta_invalido(banco):
        """A-01: nada impede um tipo_conta fora de TIPO_CORRENTE/TIPO_POUPANCA."""
        pessoa = Pessoa(nome="João", cpf="111.111.111-11", telefone="81900000000")
    
        conta, msg = pessoa.solicitar_conta(banco, "Tipo-Que-Nao-Existe")
    
>       assert conta is None
E       assert Conta(numero=1, tipo=Tipo-Que-Nao-Existe, banco=1, saldo=0.00) is None

test_solicitar_conta.py:39: AssertionError
________ test_solicitar_conta_detecta_duplicidade_com_cpf_sem_pontuacao ________

banco = Banco(id=1, nome=Banco A)

    def test_solicitar_conta_detecta_duplicidade_com_cpf_sem_pontuacao(banco):
        """A-02: o mesmo CPF, digitado sem pontuação, deve contar como duplicado."""
        pessoa = Pessoa(nome="João", cpf="111.111.111-11", telefone="81900000000")
        pessoa.solicitar_conta(banco, Conta.TIPO_CORRENTE)
    
        mesma_pessoa_cpf_sem_pontuacao = Pessoa(
            nome="João", cpf="11111111111", telefone="81900000000"
        )
        conta, msg = mesma_pessoa_cpf_sem_pontuacao.solicitar_conta(banco, Conta.TIPO_CORRENTE)
    
>       assert conta is None
E       assert Conta(numero=2, tipo=Corrente, banco=1, saldo=0.00) is None

test_solicitar_conta.py:53: AssertionError
=========================== short test summary info ============================
FAILED test_solicitar_conta.py::test_solicitar_conta_rejeita_tipo_de_conta_invalido
FAILED test_solicitar_conta.py::test_solicitar_conta_detecta_duplicidade_com_cpf_sem_pontuacao
========================= 2 failed, 2 passed in 0.02s ==========================
